<?xml version="1.0" encoding="UTF-8"?>
<!-- Generated by org.testng.reporters.JUnitReportReporter -->
<testsuite hostname="Gowshik" failures="0" tests="6" name="com.omrbranch.Flight" time="7.643" errors="0" timestamp="2025-06-17T14:19:34 IST" skipped="0">
  <testcase classname="com.omrbranch.Flight" name="createFlight" time="3.605"/>
  <testcase classname="com.omrbranch.Flight" name="getFlight" time="1.173"/>
  <testcase classname="com.omrbranch.Flight" name="putFlight" time="0.704"/>
  <testcase classname="com.omrbranch.Flight" name="patchFlight" time="0.920"/>
  <testcase classname="com.omrbranch.Flight" name="deleteFlight" time="0.554"/>
  <testcase classname="com.omrbranch.Flight" name="listFlight" time="0.687"/>
</testsuite> <!-- com.omrbranch.Flight -->
