<?xml version="1.0" encoding="UTF-8"?>
<!-- Generated by org.testng.reporters.JUnitReportReporter -->
<testsuite hostname="Gowshik" failures="0" tests="4" name="com.omrbranch.Simples" time="5.435" errors="0" timestamp="2025-06-18T13:08:44 IST" skipped="0">
  <testcase classname="com.omrbranch.Simples" name="login" time="3.615"/>
  <testcase classname="com.omrbranch.Simples" name="addAddr" time="0.525"/>
  <testcase classname="com.omrbranch.Simples" name="updateAddress" time="0.805"/>
  <testcase classname="com.omrbranch.Simples" name="deleteAddress" time="0.490"/>
</testsuite> <!-- com.omrbranch.Simples -->
