<?xml version="1.0" encoding="UTF-8"?>
<!-- Generated by org.testng.reporters.JUnitReportReporter -->
<testsuite hostname="Gowshik" failures="0" tests="4" name="com.omrbranch.FullEcommerce" time="82.748" errors="0" timestamp="2025-06-24T14:57:19 IST" skipped="0">
  <testcase classname="com.omrbranch.FullEcommerce" name="createOrderNo" time="77.340"/>
  <testcase classname="com.omrbranch.FullEcommerce" name="login" time="3.075"/>
  <testcase classname="com.omrbranch.FullEcommerce" name="getAllOrder" time="1.129"/>
  <testcase classname="com.omrbranch.FullEcommerce" name="cancelOrder" time="1.204"/>
</testsuite> <!-- com.omrbranch.FullEcommerce -->
