<?xml version="1.0" encoding="UTF-8"?>
<!-- Generated by org.testng.reporters.JUnitReportReporter -->
<testsuite hostname="Gowshik" failures="0" tests="7" name="com.omrbranch.Api" time="7.960" errors="0" timestamp="2025-06-20T12:01:26 IST" skipped="0">
  <testcase classname="com.omrbranch.Api" name="login" time="3.506"/>
  <testcase classname="com.omrbranch.Api" name="getStateList" time="0.692"/>
  <testcase classname="com.omrbranch.Api" name="getCityList" time="0.784"/>
  <testcase classname="com.omrbranch.Api" name="addAddress" time="0.861"/>
  <testcase classname="com.omrbranch.Api" name="updateAddress" time="0.783"/>
  <testcase classname="com.omrbranch.Api" name="deleteAddress" time="0.610"/>
  <testcase classname="com.omrbranch.Api" name="search" time="0.724"/>
</testsuite> <!-- com.omrbranch.Api -->
