<?xml version="1.0" encoding="UTF-8"?>
<!-- Generated by org.testng.reporters.JUnitReportReporter -->
<testsuite hostname="Gowshik" failures="0" tests="2" name="com.omrbranch.ChangeProfilePic" time="8.350" errors="0" timestamp="2025-06-24T10:06:24 IST" skipped="0">
  <testcase classname="com.omrbranch.ChangeProfilePic" name="login" time="4.865"/>
  <testcase classname="com.omrbranch.ChangeProfilePic" name="ChangeProfile" time="3.485"/>
</testsuite> <!-- com.omrbranch.ChangeProfilePic -->
