<?xml version="1.0" encoding="UTF-8"?>
<!-- Generated by org.testng.reporters.JUnitReportReporter -->
<testsuite hostname="Gowshik" failures="0" tests="1" name="com.omrbranch.Samples" time="3.286" errors="0" timestamp="2025-06-17T14:20:58 IST" skipped="0">
  <testcase classname="com.omrbranch.Samples" name="ligin" time="3.286"/>
</testsuite> <!-- com.omrbranch.Samples -->
