<?xml version="1.0" encoding="UTF-8"?>
<!-- Generated by org.testng.reporters.JUnitReportReporter -->
<testsuite hostname="Gowshik" failures="0" tests="11" name="com.omrbranch.Order" time="13.760" errors="0" timestamp="2025-06-23T10:52:18 IST" skipped="0">
  <testcase classname="com.omrbranch.Order" name="login" time="3.403"/>
  <testcase classname="com.omrbranch.Order" name="categoryList" time="0.522"/>
  <testcase classname="com.omrbranch.Order" name="productList" time="1.043"/>
  <testcase classname="com.omrbranch.Order" name="addToCart" time="0.577"/>
  <testcase classname="com.omrbranch.Order" name="getCartItem" time="0.632"/>
  <testcase classname="com.omrbranch.Order" name="getStateList" time="0.389"/>
  <testcase classname="com.omrbranch.Order" name="getCityList" time="0.599"/>
  <testcase classname="com.omrbranch.Order" name="addAddress" time="0.673"/>
  <testcase classname="com.omrbranch.Order" name="setAddress_id" time="0.813"/>
  <testcase classname="com.omrbranch.Order" name="createOrder" time="4.327"/>
  <testcase classname="com.omrbranch.Order" name="cancelOrder" time="0.782"/>
</testsuite> <!-- com.omrbranch.Order -->
